<?xml version="1.0" encoding="UTF-8"?>
<testsuite xmlns:xsi="http://www.w3.org/2001/XMLSchema-instance" xsi:noNamespaceSchemaLocation="https://maven.apache.org/surefire/maven-surefire-plugin/xsd/surefire-test-report-3.0.xsd" version="3.0" name="com.example.SynchronyDemo.integration.UserIntegrationTest" time="100.833" tests="1" errors="1" skipped="0" failures="0">
  <properties>
[...]
</properties>
  <testcase name="" classname="com.example.SynchronyDemo.integration.UserIntegrationTest" time="100.833">
    <error message="Can&apos;t get Docker image: RemoteDockerImage(imageName=mysql:8.0-oracle, imagePullPolicy=DefaultPullPolicy(), imageNameSubstitutor=org.testcontainers.utility.ImageNameSubstitutor$LogWrappedImageNameSubstitutor@42210be1)" type="org.testcontainers.containers.ContainerFetchException"><![CDATA[org.testcontainers.containers.ContainerFetchException: Can't get Docker image: RemoteDockerImage(imageName=mysql:8.0-oracle, imagePullPolicy=DefaultPullPolicy(), imageNameSubstitutor=org.testcontainers.utility.ImageNameSubstitutor$LogWrappedImageNameSubstitutor@42210be1)
	at org.testcontainers.containers.GenericContainer.getDockerImageName(GenericContainer.java:1367)
	at org.testcontainers.containers.GenericContainer.doStart(GenericContainer.java:362)
	at org.testcontainers.containers.GenericContainer.start(GenericContainer.java:333)
	at org.testcontainers.junit.jupiter.TestcontainersExtension$StoreAdapter.start(TestcontainersExtension.java:280)
	at org.testcontainers.junit.jupiter.TestcontainersExtension$StoreAdapter.access$200(TestcontainersExtension.java:267)
	at org.testcontainers.junit.jupiter.TestcontainersExtension.lambda$null$4(TestcontainersExtension.java:82)
	at org.junit.jupiter.engine.execution.ExtensionValuesStore.lambda$getOrComputeIfAbsent$4(ExtensionValuesStore.java:86)
	at org.junit.jupiter.engine.execution.ExtensionValuesStore$MemoizingSupplier.computeValue(ExtensionValuesStore.java:223)
	at org.junit.jupiter.engine.execution.ExtensionValuesStore$MemoizingSupplier.get(ExtensionValuesStore.java:211)
	at org.junit.jupiter.engine.execution.ExtensionValuesStore$StoredValue.evaluate(ExtensionValuesStore.java:191)
	at org.junit.jupiter.engine.execution.ExtensionValuesStore$StoredValue.access$100(ExtensionValuesStore.java:171)
	at org.junit.jupiter.engine.execution.ExtensionValuesStore.getOrComputeIfAbsent(ExtensionValuesStore.java:89)
	at org.junit.jupiter.engine.execution.NamespaceAwareStore.getOrComputeIfAbsent(NamespaceAwareStore.java:53)
	at org.testcontainers.junit.jupiter.TestcontainersExtension.lambda$startContainers$5(TestcontainersExtension.java:82)
	at java.base/java.util.ArrayList.forEach(ArrayList.java:1511)
	at org.testcontainers.junit.jupiter.TestcontainersExtension.startContainers(TestcontainersExtension.java:82)
	at org.testcontainers.junit.jupiter.TestcontainersExtension.beforeAll(TestcontainersExtension.java:56)
	at org.junit.jupiter.engine.descriptor.ClassBasedTestDescriptor.lambda$invokeBeforeAllCallbacks$12(ClassBasedTestDescriptor.java:395)
	at org.junit.platform.engine.support.hierarchical.ThrowableCollector.execute(ThrowableCollector.java:73)
	at org.junit.jupiter.engine.descriptor.ClassBasedTestDescriptor.invokeBeforeAllCallbacks(ClassBasedTestDescriptor.java:395)
	at org.junit.jupiter.engine.descriptor.ClassBasedTestDescriptor.before(ClassBasedTestDescriptor.java:211)
	at org.junit.jupiter.engine.descriptor.ClassBasedTestDescriptor.before(ClassBasedTestDescriptor.java:84)
	at org.junit.platform.engine.support.hierarchical.NodeTestTask.lambda$executeRecursively$6(NodeTestTask.java:148)
	at org.junit.platform.engine.support.hierarchical.ThrowableCollector.execute(ThrowableCollector.java:73)
	at org.junit.platform.engine.support.hierarchical.NodeTestTask.lambda$executeRecursively$8(NodeTestTask.java:141)
	at org.junit.platform.engine.support.hierarchical.Node.around(Node.java:137)
	at org.junit.platform.engine.support.hierarchical.NodeTestTask.lambda$executeRecursively$9(NodeTestTask.java:139)
	at org.junit.platform.engine.support.hierarchical.ThrowableCollector.execute(ThrowableCollector.java:73)
	at org.junit.platform.engine.support.hierarchical.NodeTestTask.executeRecursively(NodeTestTask.java:138)
	at org.junit.platform.engine.support.hierarchical.NodeTestTask.execute(NodeTestTask.java:95)
	at java.base/java.util.ArrayList.forEach(ArrayList.java:1511)
	at org.junit.platform.engine.support.hierarchical.SameThreadHierarchicalTestExecutorService.invokeAll(SameThreadHierarchicalTestExecutorService.java:41)
	at org.junit.platform.engine.support.hierarchical.NodeTestTask.lambda$executeRecursively$6(NodeTestTask.java:155)
	at org.junit.platform.engine.support.hierarchical.ThrowableCollector.execute(ThrowableCollector.java:73)
	at org.junit.platform.engine.support.hierarchical.NodeTestTask.lambda$executeRecursively$8(NodeTestTask.java:141)
	at org.junit.platform.engine.support.hierarchical.Node.around(Node.java:137)
	at org.junit.platform.engine.support.hierarchical.NodeTestTask.lambda$executeRecursively$9(NodeTestTask.java:139)
	at org.junit.platform.engine.support.hierarchical.ThrowableCollector.execute(ThrowableCollector.java:73)
	at org.junit.platform.engine.support.hierarchical.NodeTestTask.executeRecursively(NodeTestTask.java:138)
	at org.junit.platform.engine.support.hierarchical.NodeTestTask.execute(NodeTestTask.java:95)
	at org.junit.platform.engine.support.hierarchical.SameThreadHierarchicalTestExecutorService.submit(SameThreadHierarchicalTestExecutorService.java:35)
	at org.junit.platform.engine.support.hierarchical.HierarchicalTestExecutor.execute(HierarchicalTestExecutor.java:57)
	at org.junit.platform.engine.support.hierarchical.HierarchicalTestEngine.execute(HierarchicalTestEngine.java:54)
	at org.junit.platform.launcher.core.EngineExecutionOrchestrator.execute(EngineExecutionOrchestrator.java:147)
	at org.junit.platform.launcher.core.EngineExecutionOrchestrator.execute(EngineExecutionOrchestrator.java:127)
	at org.junit.platform.launcher.core.EngineExecutionOrchestrator.execute(EngineExecutionOrchestrator.java:90)
	at org.junit.platform.launcher.core.EngineExecutionOrchestrator.lambda$execute$0(EngineExecutionOrchestrator.java:55)
	at org.junit.platform.launcher.core.EngineExecutionOrchestrator.withInterceptedStreams(EngineExecutionOrchestrator.java:102)
	at org.junit.platform.launcher.core.EngineExecutionOrchestrator.execute(EngineExecutionOrchestrator.java:54)
	at org.junit.platform.launcher.core.DefaultLauncher.execute(DefaultLauncher.java:114)
	at org.junit.platform.launcher.core.DefaultLauncher.execute(DefaultLauncher.java:86)
	at org.junit.platform.launcher.core.DefaultLauncherSession$DelegatingLauncher.execute(DefaultLauncherSession.java:86)
	at org.apache.maven.surefire.junitplatform.LazyLauncher.execute(LazyLauncher.java:50)
	at org.apache.maven.surefire.junitplatform.JUnitPlatformProvider.execute(JUnitPlatformProvider.java:184)
	at org.apache.maven.surefire.junitplatform.JUnitPlatformProvider.invokeAllTests(JUnitPlatformProvider.java:148)
	at org.apache.maven.surefire.junitplatform.JUnitPlatformProvider.invoke(JUnitPlatformProvider.java:122)
	at org.apache.maven.surefire.booter.ForkedBooter.runSuitesInProcess(ForkedBooter.java:385)
	at org.apache.maven.surefire.booter.ForkedBooter.execute(ForkedBooter.java:162)
	at org.apache.maven.surefire.booter.ForkedBooter.run(ForkedBooter.java:507)
	at org.apache.maven.surefire.booter.ForkedBooter.main(ForkedBooter.java:495)
Caused by: org.testcontainers.containers.ContainerFetchException: Failed to get Docker client for mysql:8.0-oracle
	at org.testcontainers.images.RemoteDockerImage.resolve(RemoteDockerImage.java:125)
	at org.testcontainers.images.RemoteDockerImage.resolve(RemoteDockerImage.java:28)
	at org.testcontainers.utility.LazyFuture.getResolvedValue(LazyFuture.java:20)
	at org.testcontainers.utility.LazyFuture.get(LazyFuture.java:41)
	at org.testcontainers.containers.GenericContainer.getDockerImageName(GenericContainer.java:1365)
	... 59 more
Caused by: com.github.dockerjava.api.exception.DockerClientException: Could not pull image: failed to register layer: write /usr/lib/mysqlsh/lib/python3.9/site-packages/nacl/_sodium.abi3.so: no space left on device
	at com.github.dockerjava.api.command.PullImageResultCallback.checkDockerClientPullSuccessful(PullImageResultCallback.java:97)
	at com.github.dockerjava.api.command.PullImageResultCallback.throwFirstError(PullImageResultCallback.java:112)
	at com.github.dockerjava.api.async.ResultCallbackTemplate.awaitCompletion(ResultCallbackTemplate.java:93)
	at org.testcontainers.images.TimeLimitedLoggedPullImageResultCallback.awaitCompletion(TimeLimitedLoggedPullImageResultCallback.java:58)
	at org.testcontainers.images.RemoteDockerImage.resolve(RemoteDockerImage.java:97)
	... 63 more
]]></error>
    <system-out><![CDATA[13:57:58.821 [main] INFO org.springframework.test.context.support.AnnotationConfigContextLoaderUtils -- Could not detect default configuration classes for test class [com.example.SynchronyDemo.integration.UserIntegrationTest]: UserIntegrationTest does not declare any static, non-private, non-final, nested classes annotated with @Configuration.
13:57:58.854 [main] INFO org.springframework.boot.test.context.SpringBootTestContextBootstrapper -- Found @SpringBootConfiguration com.example.SynchronyDemo.SynchronyDemoApplication for test class com.example.SynchronyDemo.integration.UserIntegrationTest
13:57:58.894 [main] INFO org.testcontainers.images.PullPolicy -- Image pull policy will be performed by: DefaultPullPolicy()
13:57:58.895 [main] INFO org.testcontainers.utility.ImageNameSubstitutor -- Image name substitution will be performed by: DefaultImageNameSubstitutor (composite of 'ConfigurationFileImageNameSubstitutor' and 'PrefixingImageNameSubstitutor')
13:57:58.978 [main] INFO org.testcontainers.dockerclient.DockerClientProviderStrategy -- Loaded org.testcontainers.dockerclient.UnixSocketClientProviderStrategy from ~/.testcontainers.properties, will try it first
13:57:59.088 [main] INFO org.testcontainers.dockerclient.DockerClientProviderStrategy -- Found Docker environment with local Unix socket (unix:///var/run/docker.sock)
13:57:59.089 [main] INFO org.testcontainers.DockerClientFactory -- Docker host IP address is localhost
13:57:59.107 [main] INFO org.testcontainers.DockerClientFactory -- Connected to docker: 
  Server Version: 25.0.3
  API Version: 1.44
  Operating System: Docker Desktop
  Total Memory: 17964 MB
13:57:59.138 [main] INFO tc.testcontainers/ryuk:0.5.1 -- Creating container for image: testcontainers/ryuk:0.5.1
13:57:59.153 [Thread-1] ERROR org.testcontainers.shaded.org.zeroturnaround.exec.stream.StreamPumper -- Got exception while closing exhausted output stream
java.io.IOException: Stream closed
	at java.base/java.lang.ProcessBuilder$NullOutputStream.write(ProcessBuilder.java:445)
	at java.base/java.io.OutputStream.write(OutputStream.java:162)
	at java.base/java.io.BufferedOutputStream.flushBuffer(BufferedOutputStream.java:81)
	at java.base/java.io.BufferedOutputStream.flush(BufferedOutputStream.java:142)
	at java.base/java.io.FilterOutputStream.close(FilterOutputStream.java:182)
	at org.testcontainers.shaded.org.zeroturnaround.exec.stream.StreamPumper.run(StreamPumper.java:180)
	at java.base/java.lang.Thread.run(Thread.java:833)
13:57:59.154 [main] INFO org.testcontainers.utility.RegistryAuthLocator -- Failure when attempting to lookup auth config. Please ignore if you don't have images in an authenticated registry. Details: (dockerImageName: testcontainers/ryuk:0.5.1, configFile: /Users/nithish/.docker/config.json, configEnv: DOCKER_AUTH_CONFIG). Falling back to docker-java default behaviour. Exception message: Unexpected exit value: 137, allowed exit values: [0], executed command [docker-credential-desktop, get], output was 0 bytes:

13:57:59.211 [main] INFO tc.testcontainers/ryuk:0.5.1 -- Container testcontainers/ryuk:0.5.1 is starting: 9513ef6b6ab1f8a8e65aeecf32dee2bbd4047adf8eefe5c18f5ed3f57e166ed8
13:57:59.405 [main] INFO tc.testcontainers/ryuk:0.5.1 -- Container testcontainers/ryuk:0.5.1 started in PT0.267049S
13:57:59.410 [main] INFO org.testcontainers.utility.RyukResourceReaper -- Ryuk started - will monitor and terminate Testcontainers containers on JVM exit
13:57:59.410 [main] INFO org.testcontainers.DockerClientFactory -- Checking the system...
13:57:59.410 [main] INFO org.testcontainers.DockerClientFactory -- ✔︎ Docker server version should be at least 1.6.0
13:57:59.415 [main] INFO tc.mysql:8.0-oracle -- Pulling docker image: mysql:8.0-oracle. Please be patient; this may take some time but only needs to be done once.
13:58:02.138 [docker-java-stream-1400182847] INFO tc.mysql:8.0-oracle -- Starting to pull image
13:58:02.156 [docker-java-stream-1400182847] INFO tc.mysql:8.0-oracle -- Pulling image layers:  0 pending,  0 downloaded,  0 extracted, (0 bytes/0 bytes)
13:58:06.820 [docker-java-stream-1400182847] INFO tc.mysql:8.0-oracle -- Pulling image layers: 10 pending,  1 downloaded,  0 extracted, (7 MB/? MB)
13:58:07.776 [docker-java-stream-1400182847] INFO tc.mysql:8.0-oracle -- Pulling image layers:  9 pending,  2 downloaded,  0 extracted, (22 MB/? MB)
13:58:09.376 [docker-java-stream-1400182847] INFO tc.mysql:8.0-oracle -- Pulling image layers:  8 pending,  3 downloaded,  0 extracted, (45 MB/? MB)
13:58:09.699 [docker-java-stream-1400182847] INFO tc.mysql:8.0-oracle -- Pulling image layers:  7 pending,  4 downloaded,  0 extracted, (45 MB/? MB)
13:58:10.339 [docker-java-stream-1400182847] INFO tc.mysql:8.0-oracle -- Pulling image layers:  7 pending,  4 downloaded,  1 extracted, (49 MB/? MB)
13:58:10.351 [docker-java-stream-1400182847] INFO tc.mysql:8.0-oracle -- Pulling image layers:  7 pending,  4 downloaded,  2 extracted, (49 MB/? MB)
13:58:10.367 [docker-java-stream-1400182847] INFO tc.mysql:8.0-oracle -- Pulling image layers:  7 pending,  4 downloaded,  3 extracted, (49 MB/? MB)
13:58:10.470 [docker-java-stream-1400182847] INFO tc.mysql:8.0-oracle -- Pulling image layers:  6 pending,  5 downloaded,  3 extracted, (51 MB/? MB)
13:58:10.584 [docker-java-stream-1400182847] INFO tc.mysql:8.0-oracle -- Pulling image layers:  6 pending,  5 downloaded,  4 extracted, (52 MB/? MB)
13:58:10.595 [docker-java-stream-1400182847] INFO tc.mysql:8.0-oracle -- Pulling image layers:  6 pending,  5 downloaded,  5 extracted, (52 MB/? MB)
13:58:11.322 [docker-java-stream-1400182847] INFO tc.mysql:8.0-oracle -- Pulling image layers:  6 pending,  5 downloaded,  6 extracted, (52 MB/? MB)
13:58:12.405 [docker-java-stream-1400182847] INFO tc.mysql:8.0-oracle -- Pulling image layers:  5 pending,  6 downloaded,  6 extracted, (52 MB/? MB)
13:58:14.348 [docker-java-stream-1400182847] INFO tc.mysql:8.0-oracle -- Pulling image layers:  4 pending,  7 downloaded,  6 extracted, (73 MB/? MB)
13:58:16.003 [docker-java-stream-1400182847] INFO tc.mysql:8.0-oracle -- Pulling image layers:  3 pending,  8 downloaded,  6 extracted, (114 MB/? MB)
13:58:16.285 [docker-java-stream-1400182847] INFO tc.mysql:8.0-oracle -- Pulling image layers:  2 pending,  9 downloaded,  6 extracted, (121 MB/? MB)
13:58:16.803 [docker-java-stream-1400182847] INFO tc.mysql:8.0-oracle -- Pulling image layers:  2 pending,  9 downloaded,  7 extracted, (130 MB/? MB)
13:58:16.816 [docker-java-stream-1400182847] INFO tc.mysql:8.0-oracle -- Pulling image layers:  2 pending,  9 downloaded,  8 extracted, (130 MB/? MB)
13:58:19.253 [docker-java-stream-1400182847] INFO tc.mysql:8.0-oracle -- Pulling image layers:  1 pending, 10 downloaded,  8 extracted, (166 MB/? MB)
13:58:19.654 [docker-java-stream-1400182847] INFO tc.mysql:8.0-oracle -- Pull complete. 11 layers, pulled in 17s (downloaded 167 MB at 9 MB/s)
13:58:22.779 [docker-java-stream-304374606] INFO tc.mysql:8.0-oracle -- Starting to pull image
13:58:22.781 [docker-java-stream-304374606] INFO tc.mysql:8.0-oracle -- Pulling image layers:  0 pending,  0 downloaded,  0 extracted, (0 bytes/0 bytes)
13:58:25.733 [docker-java-stream-304374606] INFO tc.mysql:8.0-oracle -- Pulling image layers: 10 pending,  1 downloaded,  0 extracted, (721 bytes/? MB)
13:58:26.645 [docker-java-stream-304374606] INFO tc.mysql:8.0-oracle -- Pulling image layers:  9 pending,  2 downloaded,  0 extracted, (1 MB/? MB)
13:58:28.587 [docker-java-stream-304374606] INFO tc.mysql:8.0-oracle -- Pulling image layers:  8 pending,  3 downloaded,  0 extracted, (23 MB/? MB)
13:58:29.419 [docker-java-stream-304374606] INFO tc.mysql:8.0-oracle -- Pulling image layers:  7 pending,  4 downloaded,  0 extracted, (39 MB/? MB)
13:58:30.160 [docker-java-stream-304374606] INFO tc.mysql:8.0-oracle -- Pulling image layers:  6 pending,  5 downloaded,  0 extracted, (52 MB/? MB)
13:58:30.528 [docker-java-stream-304374606] INFO tc.mysql:8.0-oracle -- Pulling image layers:  5 pending,  6 downloaded,  0 extracted, (52 MB/? MB)
13:58:31.150 [docker-java-stream-304374606] INFO tc.mysql:8.0-oracle -- Pulling image layers:  5 pending,  6 downloaded,  1 extracted, (53 MB/? MB)
13:58:31.160 [docker-java-stream-304374606] INFO tc.mysql:8.0-oracle -- Pulling image layers:  5 pending,  6 downloaded,  2 extracted, (53 MB/? MB)
13:58:31.178 [docker-java-stream-304374606] INFO tc.mysql:8.0-oracle -- Pulling image layers:  5 pending,  6 downloaded,  3 extracted, (53 MB/? MB)
13:58:31.300 [docker-java-stream-304374606] INFO tc.mysql:8.0-oracle -- Pulling image layers:  5 pending,  6 downloaded,  4 extracted, (54 MB/? MB)
13:58:31.309 [docker-java-stream-304374606] INFO tc.mysql:8.0-oracle -- Pulling image layers:  5 pending,  6 downloaded,  5 extracted, (54 MB/? MB)
13:58:31.318 [docker-java-stream-304374606] INFO tc.mysql:8.0-oracle -- Pulling image layers:  5 pending,  6 downloaded,  6 extracted, (54 MB/? MB)
13:58:32.085 [docker-java-stream-304374606] INFO tc.mysql:8.0-oracle -- Pulling image layers:  4 pending,  7 downloaded,  6 extracted, (54 MB/? MB)
13:58:34.041 [docker-java-stream-304374606] INFO tc.mysql:8.0-oracle -- Pulling image layers:  3 pending,  8 downloaded,  6 extracted, (78 MB/? MB)
13:58:35.847 [docker-java-stream-304374606] INFO tc.mysql:8.0-oracle -- Pulling image layers:  2 pending,  9 downloaded,  6 extracted, (131 MB/? MB)
13:58:35.982 [docker-java-stream-304374606] INFO tc.mysql:8.0-oracle -- Pulling image layers:  1 pending, 10 downloaded,  6 extracted, (133 MB/? MB)
13:58:36.594 [docker-java-stream-304374606] INFO tc.mysql:8.0-oracle -- Pulling image layers:  1 pending, 10 downloaded,  7 extracted, (143 MB/? MB)
13:58:36.605 [docker-java-stream-304374606] INFO tc.mysql:8.0-oracle -- Pulling image layers:  1 pending, 10 downloaded,  8 extracted, (143 MB/? MB)
13:58:37.823 [docker-java-stream-304374606] INFO tc.mysql:8.0-oracle -- Pulling image layers:  0 pending, 11 downloaded,  8 extracted, (162 MB/163 MB)
13:58:38.210 [docker-java-stream-304374606] INFO tc.mysql:8.0-oracle -- Pull complete. 11 layers, pulled in 15s (downloaded 163 MB at 10 MB/s)
13:58:38.222 [main] INFO tc.mysql:8.0-oracle -- Pulling docker image: mysql:8.0-oracle. Please be patient; this may take some time but only needs to be done once.
13:58:41.302 [docker-java-stream-1400182847] INFO tc.mysql:8.0-oracle -- Starting to pull image
13:58:41.304 [docker-java-stream-1400182847] INFO tc.mysql:8.0-oracle -- Pulling image layers:  0 pending,  0 downloaded,  0 extracted, (0 bytes/0 bytes)
13:58:44.499 [docker-java-stream-1400182847] INFO tc.mysql:8.0-oracle -- Pulling image layers: 10 pending,  1 downloaded,  0 extracted, (10 KB/? MB)
13:58:45.355 [docker-java-stream-1400182847] INFO tc.mysql:8.0-oracle -- Pulling image layers:  9 pending,  2 downloaded,  0 extracted, (660 KB/? MB)
13:58:47.271 [docker-java-stream-1400182847] INFO tc.mysql:8.0-oracle -- Pulling image layers:  8 pending,  3 downloaded,  0 extracted, (2 MB/? MB)
13:58:48.152 [docker-java-stream-1400182847] INFO tc.mysql:8.0-oracle -- Pulling image layers:  7 pending,  4 downloaded,  0 extracted, (12 MB/? MB)
13:58:49.235 [docker-java-stream-1400182847] INFO tc.mysql:8.0-oracle -- Pulling image layers:  6 pending,  5 downloaded,  0 extracted, (30 MB/? MB)
13:58:50.695 [docker-java-stream-1400182847] INFO tc.mysql:8.0-oracle -- Pulling image layers:  5 pending,  6 downloaded,  0 extracted, (50 MB/? MB)
13:58:51.186 [docker-java-stream-1400182847] INFO tc.mysql:8.0-oracle -- Pulling image layers:  4 pending,  7 downloaded,  0 extracted, (51 MB/? MB)
13:58:51.598 [docker-java-stream-1400182847] INFO tc.mysql:8.0-oracle -- Pulling image layers:  4 pending,  7 downloaded,  1 extracted, (54 MB/? MB)
13:58:51.607 [docker-java-stream-1400182847] INFO tc.mysql:8.0-oracle -- Pulling image layers:  4 pending,  7 downloaded,  2 extracted, (54 MB/? MB)
13:58:51.622 [docker-java-stream-1400182847] INFO tc.mysql:8.0-oracle -- Pulling image layers:  4 pending,  7 downloaded,  3 extracted, (54 MB/? MB)
13:58:51.739 [docker-java-stream-1400182847] INFO tc.mysql:8.0-oracle -- Pulling image layers:  4 pending,  7 downloaded,  4 extracted, (57 MB/? MB)
13:58:51.749 [docker-java-stream-1400182847] INFO tc.mysql:8.0-oracle -- Pulling image layers:  4 pending,  7 downloaded,  5 extracted, (57 MB/? MB)
13:58:51.758 [docker-java-stream-1400182847] INFO tc.mysql:8.0-oracle -- Pulling image layers:  4 pending,  7 downloaded,  6 extracted, (57 MB/? MB)
13:58:53.113 [docker-java-stream-1400182847] INFO tc.mysql:8.0-oracle -- Pulling image layers:  3 pending,  8 downloaded,  6 extracted, (76 MB/? MB)
13:58:54.511 [docker-java-stream-1400182847] INFO tc.mysql:8.0-oracle -- Pulling image layers:  2 pending,  9 downloaded,  6 extracted, (105 MB/? MB)
13:58:55.229 [docker-java-stream-1400182847] INFO tc.mysql:8.0-oracle -- Pulling image layers:  2 pending,  9 downloaded,  7 extracted, (117 MB/? MB)
13:58:55.241 [docker-java-stream-1400182847] INFO tc.mysql:8.0-oracle -- Pulling image layers:  2 pending,  9 downloaded,  8 extracted, (117 MB/? MB)
13:58:55.331 [docker-java-stream-1400182847] INFO tc.mysql:8.0-oracle -- Pulling image layers:  1 pending, 10 downloaded,  8 extracted, (117 MB/? MB)
13:58:58.495 [docker-java-stream-1400182847] INFO tc.mysql:8.0-oracle -- Pulling image layers:  0 pending, 11 downloaded,  8 extracted, (166 MB/167 MB)
13:58:58.859 [docker-java-stream-1400182847] INFO tc.mysql:8.0-oracle -- Pull complete. 11 layers, pulled in 17s (downloaded 167 MB at 9 MB/s)
13:59:01.594 [docker-java-stream-304374606] INFO tc.mysql:8.0-oracle -- Starting to pull image
13:59:01.596 [docker-java-stream-304374606] INFO tc.mysql:8.0-oracle -- Pulling image layers:  0 pending,  0 downloaded,  0 extracted, (0 bytes/0 bytes)
13:59:04.569 [docker-java-stream-304374606] INFO tc.mysql:8.0-oracle -- Pulling image layers: 10 pending,  1 downloaded,  0 extracted, (10 KB/? MB)
13:59:05.491 [docker-java-stream-304374606] INFO tc.mysql:8.0-oracle -- Pulling image layers:  9 pending,  2 downloaded,  0 extracted, (1 MB/? MB)
13:59:08.239 [docker-java-stream-304374606] INFO tc.mysql:8.0-oracle -- Pulling image layers:  8 pending,  3 downloaded,  0 extracted, (42 MB/? MB)
13:59:08.960 [docker-java-stream-304374606] INFO tc.mysql:8.0-oracle -- Pulling image layers:  7 pending,  4 downloaded,  0 extracted, (51 MB/? MB)
13:59:09.711 [docker-java-stream-304374606] INFO tc.mysql:8.0-oracle -- Pulling image layers:  7 pending,  4 downloaded,  1 extracted, (53 MB/? MB)
13:59:09.725 [docker-java-stream-304374606] INFO tc.mysql:8.0-oracle -- Pulling image layers:  7 pending,  4 downloaded,  2 extracted, (53 MB/? MB)
13:59:09.743 [docker-java-stream-304374606] INFO tc.mysql:8.0-oracle -- Pulling image layers:  7 pending,  4 downloaded,  3 extracted, (53 MB/? MB)
13:59:09.845 [docker-java-stream-304374606] INFO tc.mysql:8.0-oracle -- Pulling image layers:  7 pending,  4 downloaded,  4 extracted, (54 MB/? MB)
13:59:10.136 [docker-java-stream-304374606] INFO tc.mysql:8.0-oracle -- Pulling image layers:  6 pending,  5 downloaded,  4 extracted, (54 MB/? MB)
13:59:12.067 [docker-java-stream-304374606] INFO tc.mysql:8.0-oracle -- Pulling image layers:  5 pending,  6 downloaded,  4 extracted, (55 MB/? MB)
13:59:15.343 [docker-java-stream-304374606] INFO tc.mysql:8.0-oracle -- Pulling image layers:  4 pending,  7 downloaded,  4 extracted, (102 MB/? MB)
13:59:17.284 [docker-java-stream-304374606] INFO tc.mysql:8.0-oracle -- Pulling image layers:  3 pending,  8 downloaded,  4 extracted, (129 MB/? MB)
13:59:19.215 [docker-java-stream-304374606] INFO tc.mysql:8.0-oracle -- Pulling image layers:  2 pending,  9 downloaded,  4 extracted, (159 MB/? MB)
13:59:19.373 [docker-java-stream-304374606] INFO tc.mysql:8.0-oracle -- Pulling image layers:  1 pending, 10 downloaded,  4 extracted, (161 MB/? MB)
13:59:38.595 [docker-java-stream-304374606] INFO tc.mysql:8.0-oracle -- Pulling image layers:  0 pending, 11 downloaded,  4 extracted, (161 MB/163 MB)
13:59:38.624 [docker-java-stream-304374606] INFO tc.mysql:8.0-oracle -- Pulling image layers:  0 pending, 11 downloaded,  5 extracted, (161 MB/163 MB)
13:59:38.647 [docker-java-stream-304374606] INFO tc.mysql:8.0-oracle -- Pulling image layers:  0 pending, 11 downloaded,  6 extracted, (161 MB/163 MB)
13:59:39.226 [docker-java-stream-304374606] INFO tc.mysql:8.0-oracle -- Pulling image layers:  0 pending, 11 downloaded,  7 extracted, (162 MB/163 MB)
13:59:39.239 [docker-java-stream-304374606] INFO tc.mysql:8.0-oracle -- Pulling image layers:  0 pending, 11 downloaded,  8 extracted, (162 MB/163 MB)
13:59:39.591 [docker-java-stream-304374606] INFO tc.mysql:8.0-oracle -- Pull complete. 11 layers, pulled in 37s (downloaded 163 MB at 4 MB/s)
]]></system-out>
  </testcase>
</testsuite>