<?xml version="1.0" encoding="UTF-8"?>
<testsuite xmlns:xsi="http://www.w3.org/2001/XMLSchema-instance" xsi:noNamespaceSchemaLocation="https://maven.apache.org/surefire/maven-surefire-plugin/xsd/surefire-test-report-3.0.xsd" version="3.0" name="com.example.SynchronyDemo.SynchronyDemoApplicationTests" time="84.878" tests="1" errors="1" skipped="0" failures="0">
  <properties>
[...]
</properties>
  <testcase name="" classname="com.example.SynchronyDemo.SynchronyDemoApplicationTests" time="84.878">
    <error message="Can&apos;t get Docker image: RemoteDockerImage(imageName=mysql:8.0, imagePullPolicy=DefaultPullPolicy(), imageNameSubstitutor=org.testcontainers.utility.ImageNameSubstitutor$LogWrappedImageNameSubstitutor@42210be1)" type="org.testcontainers.containers.ContainerFetchException"><![CDATA[org.testcontainers.containers.ContainerFetchException: Can't get Docker image: RemoteDockerImage(imageName=mysql:8.0, imagePullPolicy=DefaultPullPolicy(), imageNameSubstitutor=org.testcontainers.utility.ImageNameSubstitutor$LogWrappedImageNameSubstitutor@42210be1)
	at org.testcontainers.containers.GenericContainer.getDockerImageName(GenericContainer.java:1367)
	at org.testcontainers.containers.GenericContainer.doStart(GenericContainer.java:362)
	at org.testcontainers.containers.GenericContainer.start(GenericContainer.java:333)
	at org.testcontainers.junit.jupiter.TestcontainersExtension$StoreAdapter.start(TestcontainersExtension.java:280)
	at org.testcontainers.junit.jupiter.TestcontainersExtension$StoreAdapter.access$200(TestcontainersExtension.java:267)
	at org.testcontainers.junit.jupiter.TestcontainersExtension.lambda$null$4(TestcontainersExtension.java:82)
	at org.junit.jupiter.engine.execution.ExtensionValuesStore.lambda$getOrComputeIfAbsent$4(ExtensionValuesStore.java:86)
	at org.junit.jupiter.engine.execution.ExtensionValuesStore$MemoizingSupplier.computeValue(ExtensionValuesStore.java:223)
	at org.junit.jupiter.engine.execution.ExtensionValuesStore$MemoizingSupplier.get(ExtensionValuesStore.java:211)
	at org.junit.jupiter.engine.execution.ExtensionValuesStore$StoredValue.evaluate(ExtensionValuesStore.java:191)
	at org.junit.jupiter.engine.execution.ExtensionValuesStore$StoredValue.access$100(ExtensionValuesStore.java:171)
	at org.junit.jupiter.engine.execution.ExtensionValuesStore.getOrComputeIfAbsent(ExtensionValuesStore.java:89)
	at org.junit.jupiter.engine.execution.NamespaceAwareStore.getOrComputeIfAbsent(NamespaceAwareStore.java:53)
	at org.testcontainers.junit.jupiter.TestcontainersExtension.lambda$startContainers$5(TestcontainersExtension.java:82)
	at java.base/java.util.ArrayList.forEach(ArrayList.java:1511)
	at org.testcontainers.junit.jupiter.TestcontainersExtension.startContainers(TestcontainersExtension.java:82)
	at org.testcontainers.junit.jupiter.TestcontainersExtension.beforeAll(TestcontainersExtension.java:56)
	at org.junit.jupiter.engine.descriptor.ClassBasedTestDescriptor.lambda$invokeBeforeAllCallbacks$12(ClassBasedTestDescriptor.java:395)
	at org.junit.platform.engine.support.hierarchical.ThrowableCollector.execute(ThrowableCollector.java:73)
	at org.junit.jupiter.engine.descriptor.ClassBasedTestDescriptor.invokeBeforeAllCallbacks(ClassBasedTestDescriptor.java:395)
	at org.junit.jupiter.engine.descriptor.ClassBasedTestDescriptor.before(ClassBasedTestDescriptor.java:211)
	at org.junit.jupiter.engine.descriptor.ClassBasedTestDescriptor.before(ClassBasedTestDescriptor.java:84)
	at org.junit.platform.engine.support.hierarchical.NodeTestTask.lambda$executeRecursively$6(NodeTestTask.java:148)
	at org.junit.platform.engine.support.hierarchical.ThrowableCollector.execute(ThrowableCollector.java:73)
	at org.junit.platform.engine.support.hierarchical.NodeTestTask.lambda$executeRecursively$8(NodeTestTask.java:141)
	at org.junit.platform.engine.support.hierarchical.Node.around(Node.java:137)
	at org.junit.platform.engine.support.hierarchical.NodeTestTask.lambda$executeRecursively$9(NodeTestTask.java:139)
	at org.junit.platform.engine.support.hierarchical.ThrowableCollector.execute(ThrowableCollector.java:73)
	at org.junit.platform.engine.support.hierarchical.NodeTestTask.executeRecursively(NodeTestTask.java:138)
	at org.junit.platform.engine.support.hierarchical.NodeTestTask.execute(NodeTestTask.java:95)
	at java.base/java.util.ArrayList.forEach(ArrayList.java:1511)
	at org.junit.platform.engine.support.hierarchical.SameThreadHierarchicalTestExecutorService.invokeAll(SameThreadHierarchicalTestExecutorService.java:41)
	at org.junit.platform.engine.support.hierarchical.NodeTestTask.lambda$executeRecursively$6(NodeTestTask.java:155)
	at org.junit.platform.engine.support.hierarchical.ThrowableCollector.execute(ThrowableCollector.java:73)
	at org.junit.platform.engine.support.hierarchical.NodeTestTask.lambda$executeRecursively$8(NodeTestTask.java:141)
	at org.junit.platform.engine.support.hierarchical.Node.around(Node.java:137)
	at org.junit.platform.engine.support.hierarchical.NodeTestTask.lambda$executeRecursively$9(NodeTestTask.java:139)
	at org.junit.platform.engine.support.hierarchical.ThrowableCollector.execute(ThrowableCollector.java:73)
	at org.junit.platform.engine.support.hierarchical.NodeTestTask.executeRecursively(NodeTestTask.java:138)
	at org.junit.platform.engine.support.hierarchical.NodeTestTask.execute(NodeTestTask.java:95)
	at org.junit.platform.engine.support.hierarchical.SameThreadHierarchicalTestExecutorService.submit(SameThreadHierarchicalTestExecutorService.java:35)
	at org.junit.platform.engine.support.hierarchical.HierarchicalTestExecutor.execute(HierarchicalTestExecutor.java:57)
	at org.junit.platform.engine.support.hierarchical.HierarchicalTestEngine.execute(HierarchicalTestEngine.java:54)
	at org.junit.platform.launcher.core.EngineExecutionOrchestrator.execute(EngineExecutionOrchestrator.java:147)
	at org.junit.platform.launcher.core.EngineExecutionOrchestrator.execute(EngineExecutionOrchestrator.java:127)
	at org.junit.platform.launcher.core.EngineExecutionOrchestrator.execute(EngineExecutionOrchestrator.java:90)
	at org.junit.platform.launcher.core.EngineExecutionOrchestrator.lambda$execute$0(EngineExecutionOrchestrator.java:55)
	at org.junit.platform.launcher.core.EngineExecutionOrchestrator.withInterceptedStreams(EngineExecutionOrchestrator.java:102)
	at org.junit.platform.launcher.core.EngineExecutionOrchestrator.execute(EngineExecutionOrchestrator.java:54)
	at org.junit.platform.launcher.core.DefaultLauncher.execute(DefaultLauncher.java:114)
	at org.junit.platform.launcher.core.DefaultLauncher.execute(DefaultLauncher.java:86)
	at org.junit.platform.launcher.core.DefaultLauncherSession$DelegatingLauncher.execute(DefaultLauncherSession.java:86)
	at org.apache.maven.surefire.junitplatform.LazyLauncher.execute(LazyLauncher.java:50)
	at org.apache.maven.surefire.junitplatform.JUnitPlatformProvider.execute(JUnitPlatformProvider.java:184)
	at org.apache.maven.surefire.junitplatform.JUnitPlatformProvider.invokeAllTests(JUnitPlatformProvider.java:148)
	at org.apache.maven.surefire.junitplatform.JUnitPlatformProvider.invoke(JUnitPlatformProvider.java:122)
	at org.apache.maven.surefire.booter.ForkedBooter.runSuitesInProcess(ForkedBooter.java:385)
	at org.apache.maven.surefire.booter.ForkedBooter.execute(ForkedBooter.java:162)
	at org.apache.maven.surefire.booter.ForkedBooter.run(ForkedBooter.java:507)
	at org.apache.maven.surefire.booter.ForkedBooter.main(ForkedBooter.java:495)
Caused by: org.testcontainers.containers.ContainerFetchException: Failed to get Docker client for mysql:8.0
	at org.testcontainers.images.RemoteDockerImage.resolve(RemoteDockerImage.java:125)
	at org.testcontainers.images.RemoteDockerImage.resolve(RemoteDockerImage.java:28)
	at org.testcontainers.utility.LazyFuture.getResolvedValue(LazyFuture.java:20)
	at org.testcontainers.utility.LazyFuture.get(LazyFuture.java:41)
	at org.testcontainers.containers.GenericContainer.getDockerImageName(GenericContainer.java:1365)
	... 59 more
Caused by: com.github.dockerjava.api.exception.DockerClientException: Could not pull image: failed to register layer: write /usr/bin/mysqlsh: no space left on device
	at com.github.dockerjava.api.command.PullImageResultCallback.checkDockerClientPullSuccessful(PullImageResultCallback.java:97)
	at com.github.dockerjava.api.command.PullImageResultCallback.throwFirstError(PullImageResultCallback.java:112)
	at com.github.dockerjava.api.async.ResultCallbackTemplate.awaitCompletion(ResultCallbackTemplate.java:93)
	at org.testcontainers.images.TimeLimitedLoggedPullImageResultCallback.awaitCompletion(TimeLimitedLoggedPullImageResultCallback.java:58)
	at org.testcontainers.images.RemoteDockerImage.resolve(RemoteDockerImage.java:97)
	... 63 more
]]></error>
    <system-out><![CDATA[2025-01-20T13:59:52.431+05:30  INFO 92389 --- [           main] t.c.s.AnnotationConfigContextLoaderUtils : Could not detect default configuration classes for test class [com.example.SynchronyDemo.SynchronyDemoApplicationTests]: SynchronyDemoApplicationTests does not declare any static, non-private, non-final, nested classes annotated with @Configuration.
2025-01-20T13:59:52.433+05:30  INFO 92389 --- [           main] .b.t.c.SpringBootTestContextBootstrapper : Found @SpringBootConfiguration com.example.SynchronyDemo.SynchronyDemoApplication for test class com.example.SynchronyDemo.SynchronyDemoApplicationTests
2025-01-20T13:59:52.437+05:30  INFO 92389 --- [           main] tc.mysql:8.0                             : Pulling docker image: mysql:8.0. Please be patient; this may take some time but only needs to be done once.
2025-01-20T13:59:55.744+05:30  INFO 92389 --- [eam--1653228846] tc.mysql:8.0                             : Starting to pull image
2025-01-20T13:59:55.745+05:30  INFO 92389 --- [eam--1653228846] tc.mysql:8.0                             : Pulling image layers:  0 pending,  0 downloaded,  0 extracted, (0 bytes/0 bytes)
2025-01-20T14:00:00.099+05:30  INFO 92389 --- [eam--1653228846] tc.mysql:8.0                             : Pulling image layers: 10 pending,  1 downloaded,  0 extracted, (20 KB/? MB)
2025-01-20T14:00:02.477+05:30  INFO 92389 --- [eam--1653228846] tc.mysql:8.0                             : Pulling image layers:  9 pending,  2 downloaded,  0 extracted, (974 KB/? MB)
2025-01-20T14:00:03.728+05:30  INFO 92389 --- [eam--1653228846] tc.mysql:8.0                             : Pulling image layers:  8 pending,  3 downloaded,  0 extracted, (6 MB/? MB)
2025-01-20T14:00:04.415+05:30  INFO 92389 --- [eam--1653228846] tc.mysql:8.0                             : Pulling image layers:  7 pending,  4 downloaded,  0 extracted, (7 MB/? MB)
2025-01-20T14:00:05.662+05:30  INFO 92389 --- [eam--1653228846] tc.mysql:8.0                             : Pulling image layers:  6 pending,  5 downloaded,  0 extracted, (8 MB/? MB)
2025-01-20T14:00:07.597+05:30  INFO 92389 --- [eam--1653228846] tc.mysql:8.0                             : Pulling image layers:  5 pending,  6 downloaded,  0 extracted, (14 MB/? MB)
2025-01-20T14:00:10.700+05:30  INFO 92389 --- [eam--1653228846] tc.mysql:8.0                             : Pulling image layers:  4 pending,  7 downloaded,  0 extracted, (72 MB/? MB)
2025-01-20T14:00:12.647+05:30  INFO 92389 --- [eam--1653228846] tc.mysql:8.0                             : Pulling image layers:  3 pending,  8 downloaded,  0 extracted, (105 MB/? MB)
2025-01-20T14:00:14.611+05:30  INFO 92389 --- [eam--1653228846] tc.mysql:8.0                             : Pulling image layers:  2 pending,  9 downloaded,  0 extracted, (144 MB/? MB)
2025-01-20T14:00:15.351+05:30  INFO 92389 --- [eam--1653228846] tc.mysql:8.0                             : Pulling image layers:  1 pending, 10 downloaded,  0 extracted, (161 MB/? MB)
2025-01-20T14:00:15.413+05:30  INFO 92389 --- [eam--1653228846] tc.mysql:8.0                             : Pulling image layers:  0 pending, 11 downloaded,  0 extracted, (163 MB/167 MB)
2025-01-20T14:00:16.371+05:30  INFO 92389 --- [eam--1653228846] tc.mysql:8.0                             : Pulling image layers:  0 pending, 11 downloaded,  1 extracted, (164 MB/167 MB)
2025-01-20T14:00:16.380+05:30  INFO 92389 --- [eam--1653228846] tc.mysql:8.0                             : Pulling image layers:  0 pending, 11 downloaded,  2 extracted, (164 MB/167 MB)
2025-01-20T14:00:16.398+05:30  INFO 92389 --- [eam--1653228846] tc.mysql:8.0                             : Pulling image layers:  0 pending, 11 downloaded,  3 extracted, (164 MB/167 MB)
2025-01-20T14:00:16.506+05:30  INFO 92389 --- [eam--1653228846] tc.mysql:8.0                             : Pulling image layers:  0 pending, 11 downloaded,  4 extracted, (164 MB/167 MB)
2025-01-20T14:00:16.513+05:30  INFO 92389 --- [eam--1653228846] tc.mysql:8.0                             : Pulling image layers:  0 pending, 11 downloaded,  5 extracted, (164 MB/167 MB)
2025-01-20T14:00:16.521+05:30  INFO 92389 --- [eam--1653228846] tc.mysql:8.0                             : Pulling image layers:  0 pending, 11 downloaded,  6 extracted, (164 MB/167 MB)
2025-01-20T14:00:17.114+05:30  INFO 92389 --- [eam--1653228846] tc.mysql:8.0                             : Pull complete. 11 layers, pulled in 21s (downloaded 166 MB at 7 MB/s)
2025-01-20T14:00:20.129+05:30  INFO 92389 --- [eam--1153944925] tc.mysql:8.0                             : Starting to pull image
2025-01-20T14:00:20.131+05:30  INFO 92389 --- [eam--1153944925] tc.mysql:8.0                             : Pulling image layers:  0 pending,  0 downloaded,  0 extracted, (0 bytes/0 bytes)
2025-01-20T14:00:23.266+05:30  INFO 92389 --- [eam--1153944925] tc.mysql:8.0                             : Pulling image layers: 10 pending,  1 downloaded,  0 extracted, (884 bytes/? MB)
2025-01-20T14:00:25.989+05:30  INFO 92389 --- [eam--1153944925] tc.mysql:8.0                             : Pulling image layers:  9 pending,  2 downloaded,  0 extracted, (2 MB/? MB)
2025-01-20T14:00:26.978+05:30  INFO 92389 --- [eam--1153944925] tc.mysql:8.0                             : Pulling image layers:  8 pending,  3 downloaded,  0 extracted, (14 MB/? MB)
2025-01-20T14:00:27.925+05:30  INFO 92389 --- [eam--1153944925] tc.mysql:8.0                             : Pulling image layers:  7 pending,  4 downloaded,  0 extracted, (30 MB/? MB)
2025-01-20T14:00:28.982+05:30  INFO 92389 --- [eam--1153944925] tc.mysql:8.0                             : Pulling image layers:  6 pending,  5 downloaded,  0 extracted, (45 MB/? MB)
2025-01-20T14:00:29.512+05:30  INFO 92389 --- [eam--1153944925] tc.mysql:8.0                             : Pulling image layers:  5 pending,  6 downloaded,  0 extracted, (54 MB/? MB)
2025-01-20T14:00:30.298+05:30  INFO 92389 --- [eam--1153944925] tc.mysql:8.0                             : Pulling image layers:  5 pending,  6 downloaded,  1 extracted, (54 MB/? MB)
2025-01-20T14:00:30.310+05:30  INFO 92389 --- [eam--1153944925] tc.mysql:8.0                             : Pulling image layers:  5 pending,  6 downloaded,  2 extracted, (54 MB/? MB)
2025-01-20T14:00:30.324+05:30  INFO 92389 --- [eam--1153944925] tc.mysql:8.0                             : Pulling image layers:  5 pending,  6 downloaded,  3 extracted, (54 MB/? MB)
2025-01-20T14:00:30.454+05:30  INFO 92389 --- [eam--1153944925] tc.mysql:8.0                             : Pulling image layers:  5 pending,  6 downloaded,  4 extracted, (54 MB/? MB)
2025-01-20T14:00:30.463+05:30  INFO 92389 --- [eam--1153944925] tc.mysql:8.0                             : Pulling image layers:  5 pending,  6 downloaded,  5 extracted, (54 MB/? MB)
2025-01-20T14:00:30.472+05:30  INFO 92389 --- [eam--1153944925] tc.mysql:8.0                             : Pulling image layers:  5 pending,  6 downloaded,  6 extracted, (54 MB/? MB)
2025-01-20T14:00:30.909+05:30  INFO 92389 --- [eam--1153944925] tc.mysql:8.0                             : Pulling image layers:  4 pending,  7 downloaded,  6 extracted, (55 MB/? MB)
2025-01-20T14:00:32.844+05:30  INFO 92389 --- [eam--1153944925] tc.mysql:8.0                             : Pulling image layers:  3 pending,  8 downloaded,  6 extracted, (80 MB/? MB)
2025-01-20T14:00:34.928+05:30  INFO 92389 --- [eam--1153944925] tc.mysql:8.0                             : Pulling image layers:  2 pending,  9 downloaded,  6 extracted, (123 MB/? MB)
2025-01-20T14:00:35.075+05:30  INFO 92389 --- [eam--1153944925] tc.mysql:8.0                             : Pulling image layers:  1 pending, 10 downloaded,  6 extracted, (123 MB/? MB)
2025-01-20T14:00:35.574+05:30  INFO 92389 --- [eam--1153944925] tc.mysql:8.0                             : Pulling image layers:  1 pending, 10 downloaded,  7 extracted, (134 MB/? MB)
2025-01-20T14:00:35.584+05:30  INFO 92389 --- [eam--1153944925] tc.mysql:8.0                             : Pulling image layers:  1 pending, 10 downloaded,  8 extracted, (134 MB/? MB)
2025-01-20T14:00:37.403+05:30  INFO 92389 --- [eam--1153944925] tc.mysql:8.0                             : Pulling image layers:  0 pending, 11 downloaded,  8 extracted, (162 MB/163 MB)
2025-01-20T14:00:37.704+05:30  INFO 92389 --- [eam--1153944925] tc.mysql:8.0                             : Pull complete. 11 layers, pulled in 17s (downloaded 163 MB at 9 MB/s)
2025-01-20T14:00:37.707+05:30  INFO 92389 --- [           main] tc.mysql:8.0                             : Pulling docker image: mysql:8.0. Please be patient; this may take some time but only needs to be done once.
2025-01-20T14:00:40.987+05:30  INFO 92389 --- [eam--1653228846] tc.mysql:8.0                             : Starting to pull image
2025-01-20T14:00:40.988+05:30  INFO 92389 --- [eam--1653228846] tc.mysql:8.0                             : Pulling image layers:  0 pending,  0 downloaded,  0 extracted, (0 bytes/0 bytes)
2025-01-20T14:00:45.279+05:30  INFO 92389 --- [eam--1653228846] tc.mysql:8.0                             : Pulling image layers: 10 pending,  1 downloaded,  0 extracted, (899 KB/? MB)
2025-01-20T14:00:45.549+05:30  INFO 92389 --- [eam--1653228846] tc.mysql:8.0                             : Pulling image layers:  9 pending,  2 downloaded,  0 extracted, (1 MB/? MB)
2025-01-20T14:00:47.487+05:30  INFO 92389 --- [eam--1653228846] tc.mysql:8.0                             : Pulling image layers:  8 pending,  3 downloaded,  0 extracted, (25 MB/? MB)
2025-01-20T14:00:48.761+05:30  INFO 92389 --- [eam--1653228846] tc.mysql:8.0                             : Pulling image layers:  7 pending,  4 downloaded,  0 extracted, (47 MB/? MB)
2025-01-20T14:00:48.963+05:30  INFO 92389 --- [eam--1653228846] tc.mysql:8.0                             : Pulling image layers:  6 pending,  5 downloaded,  0 extracted, (49 MB/? MB)
2025-01-20T14:00:49.442+05:30  INFO 92389 --- [eam--1653228846] tc.mysql:8.0                             : Pulling image layers:  5 pending,  6 downloaded,  0 extracted, (49 MB/? MB)
2025-01-20T14:00:49.531+05:30  INFO 92389 --- [eam--1653228846] tc.mysql:8.0                             : Pulling image layers:  5 pending,  6 downloaded,  1 extracted, (51 MB/? MB)
2025-01-20T14:00:49.541+05:30  INFO 92389 --- [eam--1653228846] tc.mysql:8.0                             : Pulling image layers:  5 pending,  6 downloaded,  2 extracted, (51 MB/? MB)
2025-01-20T14:00:49.554+05:30  INFO 92389 --- [eam--1653228846] tc.mysql:8.0                             : Pulling image layers:  5 pending,  6 downloaded,  3 extracted, (51 MB/? MB)
2025-01-20T14:00:49.655+05:30  INFO 92389 --- [eam--1653228846] tc.mysql:8.0                             : Pulling image layers:  5 pending,  6 downloaded,  4 extracted, (52 MB/? MB)
2025-01-20T14:00:49.662+05:30  INFO 92389 --- [eam--1653228846] tc.mysql:8.0                             : Pulling image layers:  5 pending,  6 downloaded,  5 extracted, (52 MB/? MB)
2025-01-20T14:00:49.668+05:30  INFO 92389 --- [eam--1653228846] tc.mysql:8.0                             : Pulling image layers:  5 pending,  6 downloaded,  6 extracted, (52 MB/? MB)
2025-01-20T14:00:50.893+05:30  INFO 92389 --- [eam--1653228846] tc.mysql:8.0                             : Pulling image layers:  4 pending,  7 downloaded,  6 extracted, (52 MB/? MB)
2025-01-20T14:00:52.843+05:30  INFO 92389 --- [eam--1653228846] tc.mysql:8.0                             : Pulling image layers:  3 pending,  8 downloaded,  6 extracted, (67 MB/? MB)
2025-01-20T14:00:54.842+05:30  INFO 92389 --- [eam--1653228846] tc.mysql:8.0                             : Pulling image layers:  2 pending,  9 downloaded,  6 extracted, (125 MB/? MB)
2025-01-20T14:00:55.102+05:30  INFO 92389 --- [eam--1653228846] tc.mysql:8.0                             : Pulling image layers:  1 pending, 10 downloaded,  6 extracted, (132 MB/? MB)
2025-01-20T14:00:55.743+05:30  INFO 92389 --- [eam--1653228846] tc.mysql:8.0                             : Pulling image layers:  1 pending, 10 downloaded,  7 extracted, (143 MB/? MB)
2025-01-20T14:00:55.751+05:30  INFO 92389 --- [eam--1653228846] tc.mysql:8.0                             : Pulling image layers:  1 pending, 10 downloaded,  8 extracted, (143 MB/? MB)
2025-01-20T14:00:57.225+05:30  INFO 92389 --- [eam--1653228846] tc.mysql:8.0                             : Pulling image layers:  0 pending, 11 downloaded,  8 extracted, (166 MB/167 MB)
2025-01-20T14:00:57.543+05:30  INFO 92389 --- [eam--1653228846] tc.mysql:8.0                             : Pull complete. 11 layers, pulled in 16s (downloaded 167 MB at 10 MB/s)
2025-01-20T14:01:00.955+05:30  INFO 92389 --- [eam--1153944925] tc.mysql:8.0                             : Starting to pull image
2025-01-20T14:01:00.956+05:30  INFO 92389 --- [eam--1153944925] tc.mysql:8.0                             : Pulling image layers:  0 pending,  0 downloaded,  0 extracted, (0 bytes/0 bytes)
2025-01-20T14:01:05.020+05:30  INFO 92389 --- [eam--1153944925] tc.mysql:8.0                             : Pulling image layers: 10 pending,  1 downloaded,  0 extracted, (584 KB/? MB)
2025-01-20T14:01:05.831+05:30  INFO 92389 --- [eam--1153944925] tc.mysql:8.0                             : Pulling image layers:  9 pending,  2 downloaded,  0 extracted, (4 MB/? MB)
2025-01-20T14:01:07.782+05:30  INFO 92389 --- [eam--1153944925] tc.mysql:8.0                             : Pulling image layers:  8 pending,  3 downloaded,  0 extracted, (34 MB/? MB)
2025-01-20T14:01:08.616+05:30  INFO 92389 --- [eam--1153944925] tc.mysql:8.0                             : Pulling image layers:  7 pending,  4 downloaded,  0 extracted, (51 MB/? MB)
2025-01-20T14:01:08.662+05:30  INFO 92389 --- [eam--1153944925] tc.mysql:8.0                             : Pulling image layers:  6 pending,  5 downloaded,  0 extracted, (51 MB/? MB)
2025-01-20T14:01:09.488+05:30  INFO 92389 --- [eam--1153944925] tc.mysql:8.0                             : Pulling image layers:  6 pending,  5 downloaded,  1 extracted, (53 MB/? MB)
2025-01-20T14:01:09.497+05:30  INFO 92389 --- [eam--1153944925] tc.mysql:8.0                             : Pulling image layers:  6 pending,  5 downloaded,  2 extracted, (53 MB/? MB)
2025-01-20T14:01:09.513+05:30  INFO 92389 --- [eam--1153944925] tc.mysql:8.0                             : Pulling image layers:  6 pending,  5 downloaded,  3 extracted, (53 MB/? MB)
2025-01-20T14:01:09.625+05:30  INFO 92389 --- [eam--1153944925] tc.mysql:8.0                             : Pulling image layers:  6 pending,  5 downloaded,  4 extracted, (54 MB/? MB)
2025-01-20T14:01:09.637+05:30  INFO 92389 --- [eam--1153944925] tc.mysql:8.0                             : Pulling image layers:  6 pending,  5 downloaded,  5 extracted, (54 MB/? MB)
2025-01-20T14:01:09.691+05:30  INFO 92389 --- [eam--1153944925] tc.mysql:8.0                             : Pulling image layers:  5 pending,  6 downloaded,  5 extracted, (54 MB/? MB)
2025-01-20T14:01:09.697+05:30  INFO 92389 --- [eam--1153944925] tc.mysql:8.0                             : Pulling image layers:  5 pending,  6 downloaded,  6 extracted, (54 MB/? MB)
2025-01-20T14:01:10.570+05:30  INFO 92389 --- [eam--1153944925] tc.mysql:8.0                             : Pulling image layers:  4 pending,  7 downloaded,  6 extracted, (54 MB/? MB)
2025-01-20T14:01:12.495+05:30  INFO 92389 --- [eam--1153944925] tc.mysql:8.0                             : Pulling image layers:  3 pending,  8 downloaded,  6 extracted, (64 MB/? MB)
2025-01-20T14:01:14.519+05:30  INFO 92389 --- [eam--1153944925] tc.mysql:8.0                             : Pulling image layers:  2 pending,  9 downloaded,  6 extracted, (116 MB/? MB)
2025-01-20T14:01:15.062+05:30  INFO 92389 --- [eam--1153944925] tc.mysql:8.0                             : Pulling image layers:  1 pending, 10 downloaded,  6 extracted, (131 MB/? MB)
2025-01-20T14:01:15.661+05:30  INFO 92389 --- [eam--1153944925] tc.mysql:8.0                             : Pulling image layers:  1 pending, 10 downloaded,  7 extracted, (141 MB/? MB)
2025-01-20T14:01:15.672+05:30  INFO 92389 --- [eam--1153944925] tc.mysql:8.0                             : Pulling image layers:  1 pending, 10 downloaded,  8 extracted, (141 MB/? MB)
2025-01-20T14:01:17.020+05:30  INFO 92389 --- [eam--1153944925] tc.mysql:8.0                             : Pulling image layers:  0 pending, 11 downloaded,  8 extracted, (162 MB/163 MB)
2025-01-20T14:01:17.306+05:30  INFO 92389 --- [eam--1153944925] tc.mysql:8.0                             : Pull complete. 11 layers, pulled in 16s (downloaded 163 MB at 10 MB/s)
]]></system-out>
  </testcase>
</testsuite>